app/build/intermediates/manifest_merge_blame_file/release/manifest-merger-blame-release-report.txt
1<?xml version="1.0" encoding="utf-8"?>
2<manifest xmlns:android="http://schemas.android.com/apk/res/android"
3    package="com.boardactive.bakitapp"
4    android:versionCode="1"
5    android:versionName="1.0" >
6
7    <uses-sdk
8        android:minSdkVersion="24"
8-->src/main/AndroidManifest.xml
9        android:targetSdkVersion="28" />
9-->src/main/AndroidManifest.xml
10
11    <uses-permission android:name="android.permission.INTERNET" />
11-->src/main/AndroidManifest.xml:5:5-67
11-->src/main/AndroidManifest.xml:5:22-64
12    <uses-permission android:name="android.permission.ACCESS_FINE_LOCATION" />
12-->[com.google.android.libraries.places:places:1.0.0] AndroidManifest.xml:9:5-79
12-->[com.google.android.libraries.places:places:1.0.0] AndroidManifest.xml:9:22-76
13    <uses-permission android:name="android.permission.ACCESS_WIFI_STATE" />
13-->[com.google.android.libraries.places:places:1.0.0] AndroidManifest.xml:10:5-76
13-->[com.google.android.libraries.places:places:1.0.0] AndroidManifest.xml:10:22-73
14    <uses-permission android:name="android.permission.RECEIVE_BOOT_COMPLETED" />
14-->[:bakit] AndroidManifest.xml:13:5-81
14-->[:bakit] AndroidManifest.xml:13:22-78
15    <uses-permission android:name="android.permission.ACCESS_BACKGROUND_LOCATION" />
15-->[:bakit] AndroidManifest.xml:14:5-85
15-->[:bakit] AndroidManifest.xml:14:22-82
16    <uses-permission android:name="android.permission.WAKE_LOCK" />
16-->[:bakit] AndroidManifest.xml:15:5-68
16-->[:bakit] AndroidManifest.xml:15:22-65
17    <uses-permission android:name="android.permission.VIBRATE" />
17-->[com.wdullaer:materialdatetimepicker:3.2.0] AndroidManifest.xml:26:5-66
17-->[com.wdullaer:materialdatetimepicker:3.2.0] AndroidManifest.xml:26:22-63
18    <uses-permission android:name="android.permission.ACCESS_NETWORK_STATE" /> <!-- Required by older versions of Google Play services to create IID tokens -->
18-->[com.google.android.gms:play-services-measurement-api:17.2.2] AndroidManifest.xml:23:5-79
18-->[com.google.android.gms:play-services-measurement-api:17.2.2] AndroidManifest.xml:23:22-76
19    <uses-permission android:name="com.google.android.c2dm.permission.RECEIVE" />
19-->[com.google.firebase:firebase-iid:20.0.2] AndroidManifest.xml:26:5-82
19-->[com.google.firebase:firebase-iid:20.0.2] AndroidManifest.xml:26:22-79
20    <uses-permission android:name="android.permission.FOREGROUND_SERVICE" />
20-->[androidx.work:work-runtime:2.3.2] AndroidManifest.xml:28:5-77
20-->[androidx.work:work-runtime:2.3.2] AndroidManifest.xml:28:22-74
21
22    <uses-feature
22-->[com.google.android.gms:play-services-maps:16.0.0] AndroidManifest.xml:26:5-28:35
23        android:glEsVersion="0x00020000"
23-->[com.google.android.gms:play-services-maps:16.0.0] AndroidManifest.xml:27:9-41
24        android:required="true" />
24-->[com.google.android.gms:play-services-maps:16.0.0] AndroidManifest.xml:28:9-32
25
26    <uses-permission android:name="com.google.android.finsky.permission.BIND_GET_INSTALL_REFERRER_SERVICE" />
26-->[com.google.android.gms:play-services-measurement:17.2.2] AndroidManifest.xml:26:5-110
26-->[com.google.android.gms:play-services-measurement:17.2.2] AndroidManifest.xml:26:22-107
27
28    <application
28-->src/main/AndroidManifest.xml:7:5-95:19
29        android:name="com.boardactive.bakitapp.BAKitApp"
29-->src/main/AndroidManifest.xml:8:9-57
30        android:allowBackup="true"
30-->src/main/AndroidManifest.xml:9:9-35
31        android:appComponentFactory="androidx.core.app.CoreComponentFactory"
31-->[androidx.core:core:1.1.0] AndroidManifest.xml:24:18-86
32        android:icon="@mipmap/ic_launcher"
32-->src/main/AndroidManifest.xml:10:9-43
33        android:label="@string/app_name"
33-->src/main/AndroidManifest.xml:11:9-41
34        android:roundIcon="@mipmap/ic_launcher_round"
34-->src/main/AndroidManifest.xml:12:9-54
35        android:supportsRtl="true"
35-->src/main/AndroidManifest.xml:13:9-35
36        android:theme="@style/AppTheme" >
36-->src/main/AndroidManifest.xml:14:9-40
37        <activity
37-->src/main/AndroidManifest.xml:16:9-21:68
38            android:name="com.boardactive.bakitapp.activity.UserActivity"
38-->src/main/AndroidManifest.xml:17:13-50
39            android:configChanges="orientation"
39-->src/main/AndroidManifest.xml:19:13-48
40            android:label="@string/title_activity_user"
40-->src/main/AndroidManifest.xml:18:13-56
41            android:screenOrientation="portrait"
41-->src/main/AndroidManifest.xml:20:13-49
42            android:theme="@style/AppTheme.NoActionBar" />
42-->src/main/AndroidManifest.xml:21:13-56
43        <activity
43-->src/main/AndroidManifest.xml:23:9-28:68
44            android:name="com.boardactive.bakitapp.activity.CustomActivity"
44-->src/main/AndroidManifest.xml:24:13-52
45            android:configChanges="orientation"
45-->src/main/AndroidManifest.xml:26:13-48
46            android:label="@string/title_activity_custom"
46-->src/main/AndroidManifest.xml:25:13-58
47            android:screenOrientation="portrait"
47-->src/main/AndroidManifest.xml:27:13-49
48            android:theme="@style/AppTheme.NoActionBar" />
48-->src/main/AndroidManifest.xml:28:13-56
49        <activity
49-->src/main/AndroidManifest.xml:30:9-39:20
50            android:name="com.boardactive.bakitapp.activity.MainActivity"
50-->src/main/AndroidManifest.xml:30:19-56
51            android:configChanges="orientation"
51-->src/main/AndroidManifest.xml:31:13-48
52            android:screenOrientation="portrait" >
52-->src/main/AndroidManifest.xml:32:13-49
53            <intent-filter>
53-->src/main/AndroidManifest.xml:34:13-38:29
54                <action android:name="android.intent.action.MAIN" />
54-->src/main/AndroidManifest.xml:35:17-69
54-->src/main/AndroidManifest.xml:35:25-66
55
56                <category android:name="android.intent.category.LAUNCHER" />
56-->src/main/AndroidManifest.xml:37:17-77
56-->src/main/AndroidManifest.xml:37:27-74
57            </intent-filter>
58        </activity>
59        <activity
59-->src/main/AndroidManifest.xml:41:9-48:20
60            android:name="com.boardactive.bakitapp.activity.MessagesActivity"
60-->src/main/AndroidManifest.xml:42:13-54
61            android:enabled="true"
61-->src/main/AndroidManifest.xml:43:13-35
62            android:excludeFromRecents="false"
62-->src/main/AndroidManifest.xml:44:13-47
63            android:launchMode="singleTop"
63-->src/main/AndroidManifest.xml:45:13-43
64            android:screenOrientation="portrait"
64-->src/main/AndroidManifest.xml:46:13-49
65            android:taskAffinity="" >
65-->src/main/AndroidManifest.xml:47:13-36
66        </activity>
67        <activity
67-->src/main/AndroidManifest.xml:50:9-66:20
68            android:name="com.boardactive.bakitapp.activity.MessageActivity"
68-->src/main/AndroidManifest.xml:51:13-53
69            android:enabled="true"
69-->src/main/AndroidManifest.xml:52:13-35
70            android:excludeFromRecents="true"
70-->src/main/AndroidManifest.xml:53:13-46
71            android:launchMode="singleTop"
71-->src/main/AndroidManifest.xml:54:13-43
72            android:parentActivityName="com.boardactive.bakitapp.activity.MessagesActivity"
72-->src/main/AndroidManifest.xml:55:13-68
73            android:screenOrientation="portrait"
73-->src/main/AndroidManifest.xml:56:13-49
74            android:taskAffinity="" >
74-->src/main/AndroidManifest.xml:57:13-36
75            <meta-data
75-->src/main/AndroidManifest.xml:58:14-60:58
76                android:name="android.support.PARENT_ACTIVITY"
76-->src/main/AndroidManifest.xml:59:14-60
77                android:value=".activity.MessagesActivity" />
77-->src/main/AndroidManifest.xml:60:14-56
78
79            <intent-filter>
79-->src/main/AndroidManifest.xml:62:13-65:29
80                <action android:name="OPEN_MESSAGE" />
80-->src/main/AndroidManifest.xml:63:17-55
80-->src/main/AndroidManifest.xml:63:25-52
81
82                <category android:name="android.intent.category.DEFAULT" />
82-->src/main/AndroidManifest.xml:64:17-76
82-->src/main/AndroidManifest.xml:64:27-73
83            </intent-filter>
84        </activity>
85        <activity
85-->src/main/AndroidManifest.xml:68:9-75:66
86            android:name="com.boardactive.bakitapp.activity.DialogMessageActivity"
86-->src/main/AndroidManifest.xml:69:13-59
87            android:enabled="true"
87-->src/main/AndroidManifest.xml:70:13-35
88            android:excludeFromRecents="false"
88-->src/main/AndroidManifest.xml:71:13-47
89            android:launchMode="singleTop"
89-->src/main/AndroidManifest.xml:72:13-43
90            android:screenOrientation="portrait"
90-->src/main/AndroidManifest.xml:73:13-49
91            android:taskAffinity=""
91-->src/main/AndroidManifest.xml:74:13-36
92            android:theme="@style/AppTheme.Dialog.NoActionBar" />
92-->src/main/AndroidManifest.xml:75:13-63
93
94        <service
94-->src/main/AndroidManifest.xml:77:9-83:19
95            android:name="com.boardactive.bakitapp.firebase.FCMService"
95-->src/main/AndroidManifest.xml:78:13-48
96            android:exported="false" >
96-->src/main/AndroidManifest.xml:79:13-37
97            <intent-filter>
97-->src/main/AndroidManifest.xml:80:13-82:29
98                <action android:name="com.google.firebase.MESSAGING_EVENT" />
98-->src/main/AndroidManifest.xml:81:17-78
98-->src/main/AndroidManifest.xml:81:25-75
99            </intent-filter>
100        </service>
101
102        <meta-data
102-->src/main/AndroidManifest.xml:85:9-87:60
103            android:name="com.google.firebase.messaging.default_notification_icon"
103-->src/main/AndroidManifest.xml:86:13-83
104            android:resource="@drawable/ic_notification" />
104-->src/main/AndroidManifest.xml:87:13-57
105        <meta-data
105-->src/main/AndroidManifest.xml:88:9-90:53
106            android:name="com.google.firebase.messaging.default_notification_color"
106-->src/main/AndroidManifest.xml:89:13-84
107            android:resource="@color/colorAccent" />
107-->src/main/AndroidManifest.xml:90:13-50
108        <meta-data
108-->src/main/AndroidManifest.xml:91:9-93:71
109            android:name="com.google.firebase.messaging.default_notification_channel_id"
109-->src/main/AndroidManifest.xml:92:13-89
110            android:value="@string/default_notification_channel_id" />
110-->src/main/AndroidManifest.xml:93:13-68
111
112        <!-- Autocomplete -->
113        <activity
113-->[com.google.android.libraries.places:places:1.0.0] AndroidManifest.xml:16:9-23:20
114            android:name="com.google.android.libraries.places.widget.AutocompleteActivity"
114-->[com.google.android.libraries.places:places:1.0.0] AndroidManifest.xml:17:13-91
115            android:exported="false"
115-->[com.google.android.libraries.places:places:1.0.0] AndroidManifest.xml:18:13-37
116            android:hardwareAccelerated="true"
116-->[com.google.android.libraries.places:places:1.0.0] AndroidManifest.xml:19:13-47
117            android:label="@string/places_autocomplete_label"
117-->[com.google.android.libraries.places:places:1.0.0] AndroidManifest.xml:20:13-62
118            android:theme="@style/PlacesAutocompleteThemeOverlay"
118-->[com.google.android.libraries.places:places:1.0.0] AndroidManifest.xml:21:13-66
119            android:windowSoftInputMode="stateAlwaysVisible|adjustPan" >
119-->[com.google.android.libraries.places:places:1.0.0] AndroidManifest.xml:22:13-71
120        </activity> <!-- [START BOOT/DEFAULT SERVICE] -->
121        <receiver
121-->[:bakit] AndroidManifest.xml:20:9-29:20
122            android:name="com.boardactive.bakit.BootReceiver"
122-->[:bakit] AndroidManifest.xml:21:13-62
123            android:enabled="true"
123-->[:bakit] AndroidManifest.xml:22:13-35
124            android:permission="android.permission.RECEIVE_BOOT_COMPLETED" >
124-->[:bakit] AndroidManifest.xml:23:13-75
125            <intent-filter>
125-->[:bakit] AndroidManifest.xml:24:13-28:29
126                <action android:name="android.intent.action.BOOT_COMPLETED" />
126-->[:bakit] AndroidManifest.xml:25:17-79
126-->[:bakit] AndroidManifest.xml:25:25-76
127
128                <category android:name="android.intent.category.DEFAULT" />
128-->src/main/AndroidManifest.xml:64:17-76
128-->src/main/AndroidManifest.xml:64:27-73
129            </intent-filter>
130        </receiver>
131
132        <service
132-->[:bakit] AndroidManifest.xml:31:9-37:19
133            android:name="com.boardactive.bakit.JobDispatcherService"
133-->[:bakit] AndroidManifest.xml:32:13-70
134            android:exported="false" >
134-->[:bakit] AndroidManifest.xml:33:13-37
135            <intent-filter>
135-->[:bakit] AndroidManifest.xml:34:13-36:29
136                <action android:name="com.firebase.jobdispatcher.ACTION_EXECUTE" />
136-->[:bakit] AndroidManifest.xml:35:17-84
136-->[:bakit] AndroidManifest.xml:35:25-81
137            </intent-filter>
138        </service>
139        <!--
140             FirebaseMessagingService performs security checks at runtime,
141             but set to not exported to explicitly avoid allowing another app to call it.
142        -->
143        <service
143-->[com.google.firebase:firebase-messaging:20.1.0] AndroidManifest.xml:28:9-34:19
144            android:name="com.google.firebase.messaging.FirebaseMessagingService"
144-->[com.google.firebase:firebase-messaging:20.1.0] AndroidManifest.xml:29:13-82
145            android:exported="false" >
145-->[com.google.firebase:firebase-messaging:20.1.0] AndroidManifest.xml:30:13-37
146            <intent-filter android:priority="-500" >
146-->src/main/AndroidManifest.xml:80:13-82:29
147                <action android:name="com.google.firebase.MESSAGING_EVENT" />
147-->src/main/AndroidManifest.xml:81:17-78
147-->src/main/AndroidManifest.xml:81:25-75
148            </intent-filter>
149        </service>
150        <service
150-->[com.google.firebase:firebase-messaging:20.1.0] AndroidManifest.xml:35:9-41:19
151            android:name="com.google.firebase.components.ComponentDiscoveryService"
151-->[com.google.firebase:firebase-messaging:20.1.0] AndroidManifest.xml:36:13-84
152            android:directBootAware="true"
152-->[com.google.firebase:firebase-common:19.3.0] AndroidManifest.xml:34:13-43
153            android:exported="false" >
153-->[com.google.firebase:firebase-messaging:20.1.0] AndroidManifest.xml:37:13-37
154            <meta-data
154-->[com.google.firebase:firebase-messaging:20.1.0] AndroidManifest.xml:38:13-40:85
155                android:name="com.google.firebase.components:com.google.firebase.messaging.FirebaseMessagingRegistrar"
155-->[com.google.firebase:firebase-messaging:20.1.0] AndroidManifest.xml:39:17-119
156                android:value="com.google.firebase.components.ComponentRegistrar" />
156-->[com.google.firebase:firebase-messaging:20.1.0] AndroidManifest.xml:40:17-82
157            <meta-data
157-->[com.google.android.gms:play-services-measurement-api:17.2.2] AndroidManifest.xml:30:13-32:85
158                android:name="com.google.firebase.components:com.google.firebase.analytics.connector.internal.AnalyticsConnectorRegistrar"
158-->[com.google.android.gms:play-services-measurement-api:17.2.2] AndroidManifest.xml:31:17-139
159                android:value="com.google.firebase.components.ComponentRegistrar" />
159-->[com.google.android.gms:play-services-measurement-api:17.2.2] AndroidManifest.xml:32:17-82
160            <meta-data
160-->[com.google.firebase:firebase-iid:20.0.2] AndroidManifest.xml:32:13-34:85
161                android:name="com.google.firebase.components:com.google.firebase.iid.Registrar"
161-->[com.google.firebase:firebase-iid:20.0.2] AndroidManifest.xml:33:17-96
162                android:value="com.google.firebase.components.ComponentRegistrar" />
162-->[com.google.firebase:firebase-iid:20.0.2] AndroidManifest.xml:34:17-82
163            <meta-data
163-->[com.google.firebase:firebase-datatransport:17.0.3] AndroidManifest.xml:28:13-30:85
164                android:name="com.google.firebase.components:com.google.firebase.datatransport.TransportRegistrar"
164-->[com.google.firebase:firebase-datatransport:17.0.3] AndroidManifest.xml:29:17-115
165                android:value="com.google.firebase.components.ComponentRegistrar" />
165-->[com.google.firebase:firebase-datatransport:17.0.3] AndroidManifest.xml:30:17-82
166        </service>
167
168        <receiver
168-->[com.google.firebase:firebase-iid:20.0.2] AndroidManifest.xml:37:9-44:20
169            android:name="com.google.firebase.iid.FirebaseInstanceIdReceiver"
169-->[com.google.firebase:firebase-iid:20.0.2] AndroidManifest.xml:38:13-78
170            android:exported="true"
170-->[com.google.firebase:firebase-iid:20.0.2] AndroidManifest.xml:39:13-36
171            android:permission="com.google.android.c2dm.permission.SEND" >
171-->[com.google.firebase:firebase-iid:20.0.2] AndroidManifest.xml:40:13-73
172            <intent-filter>
172-->[com.google.firebase:firebase-iid:20.0.2] AndroidManifest.xml:41:13-43:29
173                <action android:name="com.google.android.c2dm.intent.RECEIVE" />
173-->[com.google.firebase:firebase-iid:20.0.2] AndroidManifest.xml:42:17-81
173-->[com.google.firebase:firebase-iid:20.0.2] AndroidManifest.xml:42:25-78
174            </intent-filter>
175        </receiver>
176
177        <provider
177-->[androidx.work:work-runtime:2.3.2] AndroidManifest.xml:31:9-37:35
178            android:name="androidx.work.impl.WorkManagerInitializer"
178-->[androidx.work:work-runtime:2.3.2] AndroidManifest.xml:32:13-69
179            android:authorities="com.boardactive.bakitapp.workmanager-init"
179-->[androidx.work:work-runtime:2.3.2] AndroidManifest.xml:33:13-68
180            android:directBootAware="false"
180-->[androidx.work:work-runtime:2.3.2] AndroidManifest.xml:34:13-44
181            android:exported="false"
181-->[androidx.work:work-runtime:2.3.2] AndroidManifest.xml:35:13-37
182            android:multiprocess="true" />
182-->[androidx.work:work-runtime:2.3.2] AndroidManifest.xml:36:13-40
183
184        <service
184-->[androidx.work:work-runtime:2.3.2] AndroidManifest.xml:39:9-44:35
185            android:name="androidx.work.impl.background.systemalarm.SystemAlarmService"
185-->[androidx.work:work-runtime:2.3.2] AndroidManifest.xml:40:13-88
186            android:directBootAware="false"
186-->[androidx.work:work-runtime:2.3.2] AndroidManifest.xml:41:13-44
187            android:enabled="@bool/enable_system_alarm_service_default"
187-->[androidx.work:work-runtime:2.3.2] AndroidManifest.xml:42:13-72
188            android:exported="false" />
188-->[androidx.work:work-runtime:2.3.2] AndroidManifest.xml:43:13-37
189        <service
189-->[androidx.work:work-runtime:2.3.2] AndroidManifest.xml:45:9-51:35
190            android:name="androidx.work.impl.background.systemjob.SystemJobService"
190-->[androidx.work:work-runtime:2.3.2] AndroidManifest.xml:46:13-84
191            android:directBootAware="false"
191-->[androidx.work:work-runtime:2.3.2] AndroidManifest.xml:47:13-44
192            android:enabled="@bool/enable_system_job_service_default"
192-->[androidx.work:work-runtime:2.3.2] AndroidManifest.xml:48:13-70
193            android:exported="true"
193-->[androidx.work:work-runtime:2.3.2] AndroidManifest.xml:49:13-36
194            android:permission="android.permission.BIND_JOB_SERVICE" />
194-->[androidx.work:work-runtime:2.3.2] AndroidManifest.xml:50:13-69
195        <service
195-->[androidx.work:work-runtime:2.3.2] AndroidManifest.xml:52:9-57:35
196            android:name="androidx.work.impl.foreground.SystemForegroundService"
196-->[androidx.work:work-runtime:2.3.2] AndroidManifest.xml:53:13-81
197            android:directBootAware="false"
197-->[androidx.work:work-runtime:2.3.2] AndroidManifest.xml:54:13-44
198            android:enabled="@bool/enable_system_foreground_service_default"
198-->[androidx.work:work-runtime:2.3.2] AndroidManifest.xml:55:13-77
199            android:exported="false" />
199-->[androidx.work:work-runtime:2.3.2] AndroidManifest.xml:56:13-37
200
201        <receiver
201-->[androidx.work:work-runtime:2.3.2] AndroidManifest.xml:59:9-64:35
202            android:name="androidx.work.impl.utils.ForceStopRunnable$BroadcastReceiver"
202-->[androidx.work:work-runtime:2.3.2] AndroidManifest.xml:60:13-88
203            android:directBootAware="false"
203-->[androidx.work:work-runtime:2.3.2] AndroidManifest.xml:61:13-44
204            android:enabled="true"
204-->[androidx.work:work-runtime:2.3.2] AndroidManifest.xml:62:13-35
205            android:exported="false" />
205-->[androidx.work:work-runtime:2.3.2] AndroidManifest.xml:63:13-37
206        <receiver
206-->[androidx.work:work-runtime:2.3.2] AndroidManifest.xml:65:9-75:20
207            android:name="androidx.work.impl.background.systemalarm.ConstraintProxy$BatteryChargingProxy"
207-->[androidx.work:work-runtime:2.3.2] AndroidManifest.xml:66:13-106
208            android:directBootAware="false"
208-->[androidx.work:work-runtime:2.3.2] AndroidManifest.xml:67:13-44
209            android:enabled="false"
209-->[androidx.work:work-runtime:2.3.2] AndroidManifest.xml:68:13-36
210            android:exported="false" >
210-->[androidx.work:work-runtime:2.3.2] AndroidManifest.xml:69:13-37
211            <intent-filter>
211-->[androidx.work:work-runtime:2.3.2] AndroidManifest.xml:71:13-74:29
212                <action android:name="android.intent.action.ACTION_POWER_CONNECTED" />
212-->[androidx.work:work-runtime:2.3.2] AndroidManifest.xml:72:17-87
212-->[androidx.work:work-runtime:2.3.2] AndroidManifest.xml:72:25-84
213                <action android:name="android.intent.action.ACTION_POWER_DISCONNECTED" />
213-->[androidx.work:work-runtime:2.3.2] AndroidManifest.xml:73:17-90
213-->[androidx.work:work-runtime:2.3.2] AndroidManifest.xml:73:25-87
214            </intent-filter>
215        </receiver>
216        <receiver
216-->[androidx.work:work-runtime:2.3.2] AndroidManifest.xml:76:9-86:20
217            android:name="androidx.work.impl.background.systemalarm.ConstraintProxy$BatteryNotLowProxy"
217-->[androidx.work:work-runtime:2.3.2] AndroidManifest.xml:77:13-104
218            android:directBootAware="false"
218-->[androidx.work:work-runtime:2.3.2] AndroidManifest.xml:78:13-44
219            android:enabled="false"
219-->[androidx.work:work-runtime:2.3.2] AndroidManifest.xml:79:13-36
220            android:exported="false" >
220-->[androidx.work:work-runtime:2.3.2] AndroidManifest.xml:80:13-37
221            <intent-filter>
221-->[androidx.work:work-runtime:2.3.2] AndroidManifest.xml:82:13-85:29
222                <action android:name="android.intent.action.BATTERY_OKAY" />
222-->[androidx.work:work-runtime:2.3.2] AndroidManifest.xml:83:17-77
222-->[androidx.work:work-runtime:2.3.2] AndroidManifest.xml:83:25-74
223                <action android:name="android.intent.action.BATTERY_LOW" />
223-->[androidx.work:work-runtime:2.3.2] AndroidManifest.xml:84:17-76
223-->[androidx.work:work-runtime:2.3.2] AndroidManifest.xml:84:25-73
224            </intent-filter>
225        </receiver>
226        <receiver
226-->[androidx.work:work-runtime:2.3.2] AndroidManifest.xml:87:9-97:20
227            android:name="androidx.work.impl.background.systemalarm.ConstraintProxy$StorageNotLowProxy"
227-->[androidx.work:work-runtime:2.3.2] AndroidManifest.xml:88:13-104
228            android:directBootAware="false"
228-->[androidx.work:work-runtime:2.3.2] AndroidManifest.xml:89:13-44
229            android:enabled="false"
229-->[androidx.work:work-runtime:2.3.2] AndroidManifest.xml:90:13-36
230            android:exported="false" >
230-->[androidx.work:work-runtime:2.3.2] AndroidManifest.xml:91:13-37
231            <intent-filter>
231-->[androidx.work:work-runtime:2.3.2] AndroidManifest.xml:93:13-96:29
232                <action android:name="android.intent.action.DEVICE_STORAGE_LOW" />
232-->[androidx.work:work-runtime:2.3.2] AndroidManifest.xml:94:17-83
232-->[androidx.work:work-runtime:2.3.2] AndroidManifest.xml:94:25-80
233                <action android:name="android.intent.action.DEVICE_STORAGE_OK" />
233-->[androidx.work:work-runtime:2.3.2] AndroidManifest.xml:95:17-82
233-->[androidx.work:work-runtime:2.3.2] AndroidManifest.xml:95:25-79
234            </intent-filter>
235        </receiver>
236        <receiver
236-->[androidx.work:work-runtime:2.3.2] AndroidManifest.xml:98:9-107:20
237            android:name="androidx.work.impl.background.systemalarm.ConstraintProxy$NetworkStateProxy"
237-->[androidx.work:work-runtime:2.3.2] AndroidManifest.xml:99:13-103
238            android:directBootAware="false"
238-->[androidx.work:work-runtime:2.3.2] AndroidManifest.xml:100:13-44
239            android:enabled="false"
239-->[androidx.work:work-runtime:2.3.2] AndroidManifest.xml:101:13-36
240            android:exported="false" >
240-->[androidx.work:work-runtime:2.3.2] AndroidManifest.xml:102:13-37
241            <intent-filter>
241-->[androidx.work:work-runtime:2.3.2] AndroidManifest.xml:104:13-106:29
242                <action android:name="android.net.conn.CONNECTIVITY_CHANGE" />
242-->[androidx.work:work-runtime:2.3.2] AndroidManifest.xml:105:17-79
242-->[androidx.work:work-runtime:2.3.2] AndroidManifest.xml:105:25-76
243            </intent-filter>
244        </receiver>
245        <receiver
245-->[androidx.work:work-runtime:2.3.2] AndroidManifest.xml:108:9-119:20
246            android:name="androidx.work.impl.background.systemalarm.RescheduleReceiver"
246-->[androidx.work:work-runtime:2.3.2] AndroidManifest.xml:109:13-88
247            android:directBootAware="false"
247-->[androidx.work:work-runtime:2.3.2] AndroidManifest.xml:110:13-44
248            android:enabled="false"
248-->[androidx.work:work-runtime:2.3.2] AndroidManifest.xml:111:13-36
249            android:exported="false" >
249-->[androidx.work:work-runtime:2.3.2] AndroidManifest.xml:112:13-37
250            <intent-filter>
250-->[androidx.work:work-runtime:2.3.2] AndroidManifest.xml:114:13-118:29
251                <action android:name="android.intent.action.BOOT_COMPLETED" />
251-->[:bakit] AndroidManifest.xml:25:17-79
251-->[:bakit] AndroidManifest.xml:25:25-76
252                <action android:name="android.intent.action.TIME_SET" />
252-->[androidx.work:work-runtime:2.3.2] AndroidManifest.xml:116:17-73
252-->[androidx.work:work-runtime:2.3.2] AndroidManifest.xml:116:25-70
253                <action android:name="android.intent.action.TIMEZONE_CHANGED" />
253-->[androidx.work:work-runtime:2.3.2] AndroidManifest.xml:117:17-81
253-->[androidx.work:work-runtime:2.3.2] AndroidManifest.xml:117:25-78
254            </intent-filter>
255        </receiver>
256        <receiver
256-->[androidx.work:work-runtime:2.3.2] AndroidManifest.xml:120:9-129:20
257            android:name="androidx.work.impl.background.systemalarm.ConstraintProxyUpdateReceiver"
257-->[androidx.work:work-runtime:2.3.2] AndroidManifest.xml:121:13-99
258            android:directBootAware="false"
258-->[androidx.work:work-runtime:2.3.2] AndroidManifest.xml:122:13-44
259            android:enabled="@bool/enable_system_alarm_service_default"
259-->[androidx.work:work-runtime:2.3.2] AndroidManifest.xml:123:13-72
260            android:exported="false" >
260-->[androidx.work:work-runtime:2.3.2] AndroidManifest.xml:124:13-37
261            <intent-filter>
261-->[androidx.work:work-runtime:2.3.2] AndroidManifest.xml:126:13-128:29
262                <action android:name="androidx.work.impl.background.systemalarm.UpdateProxies" />
262-->[androidx.work:work-runtime:2.3.2] AndroidManifest.xml:127:17-98
262-->[androidx.work:work-runtime:2.3.2] AndroidManifest.xml:127:25-95
263            </intent-filter>
264        </receiver>
265
266        <service
266-->[androidx.room:room-runtime:2.2.3] AndroidManifest.xml:25:9-27:40
267            android:name="androidx.room.MultiInstanceInvalidationService"
267-->[androidx.room:room-runtime:2.2.3] AndroidManifest.xml:26:13-74
268            android:exported="false" />
268-->[androidx.room:room-runtime:2.2.3] AndroidManifest.xml:27:13-37
269
270        <provider
270-->[com.google.firebase:firebase-common:19.3.0] AndroidManifest.xml:26:9-30:39
271            android:name="com.google.firebase.provider.FirebaseInitProvider"
271-->[com.google.firebase:firebase-common:19.3.0] AndroidManifest.xml:27:13-77
272            android:authorities="com.boardactive.bakitapp.firebaseinitprovider"
272-->[com.google.firebase:firebase-common:19.3.0] AndroidManifest.xml:28:13-72
273            android:exported="false"
273-->[com.google.firebase:firebase-common:19.3.0] AndroidManifest.xml:29:13-37
274            android:initOrder="100" />
274-->[com.google.firebase:firebase-common:19.3.0] AndroidManifest.xml:30:13-36
275
276        <activity
276-->[com.google.android.gms:play-services-base:17.0.0] AndroidManifest.xml:23:9-26:75
277            android:name="com.google.android.gms.common.api.GoogleApiActivity"
277-->[com.google.android.gms:play-services-base:17.0.0] AndroidManifest.xml:24:13-79
278            android:exported="false"
278-->[com.google.android.gms:play-services-base:17.0.0] AndroidManifest.xml:25:13-37
279            android:theme="@android:style/Theme.Translucent.NoTitleBar" />
279-->[com.google.android.gms:play-services-base:17.0.0] AndroidManifest.xml:26:13-72
280
281        <receiver
281-->[com.google.android.gms:play-services-measurement:17.2.2] AndroidManifest.xml:29:9-33:20
282            android:name="com.google.android.gms.measurement.AppMeasurementReceiver"
282-->[com.google.android.gms:play-services-measurement:17.2.2] AndroidManifest.xml:30:13-85
283            android:enabled="true"
283-->[com.google.android.gms:play-services-measurement:17.2.2] AndroidManifest.xml:31:13-35
284            android:exported="false" >
284-->[com.google.android.gms:play-services-measurement:17.2.2] AndroidManifest.xml:32:13-37
285        </receiver>
286        <receiver